<component name="libraryTable">
  <library name="junit-4.13.2-javadoc">
    <CLASSES />
    <JAVADOC>
      <root url="jar://$PROJECT_DIR$/modules/junit-4.13.2-javadoc.jar!/" />
    </JAVADOC>
    <SOURCES />
  </library>
</component>